   MainThread:01:32:16.541 bleak_wrapper.py                          121 INFO     | Scanning for GoPro [A-Z0-9]{4} bluetooth devices...
      Dummy-1:01:32:16.642 CentralManagerDelegate.py                 223 DEBUG    | centralManagerDidUpdateState_
      Dummy-1:01:32:16.643 CentralManagerDelegate.py                 235 DEBUG    | Bluetooth powered on
   MainThread:01:32:16.644 CentralManagerDelegate.py                 212 DEBUG    | 'isScanning' changed
      Dummy-1:01:32:17.318 CentralManagerDelegate.py                 283 DEBUG    | centralManager_didDiscoverPeripheral_advertisementData_RSSI_
   MainThread:01:32:17.321 bleak_wrapper.py                          134 INFO     | 	Discovered: FE63089A-82C2-409E-ACC6-382691467379: GoPro 4329
   MainThread:01:32:17.323 CentralManagerDelegate.py                 267 DEBUG    | Discovered device FE63089A-82C2-409E-ACC6-382691467379: GoPro 4329 @ RSSI: -54 (kCBAdvData <nsdict_keys(['kCBAdvDataManufacturerData', 'kCBAdvDataTimestamp', 'kCBAdvDataServiceData', 'kCBAdvDataRxPrimaryPHY', 'kCBAdvDataIsConnectable', 'kCBAdvDataRxSecondaryPHY', 'kCBAdvDataLocalName', 'kCBAdvDataServiceUUIDs'])>) and Central: <CBCentralManager: 0x6000032ad760>
   MainThread:01:32:17.323 CentralManagerDelegate.py                 212 DEBUG    | 'isScanning' changed
   MainThread:01:32:17.323 bleak_wrapper.py                          147 INFO     | Found 1 matching devices.
   MainThread:01:32:17.324 client.py                                 107 INFO     | Establishing the BLE connection
   MainThread:01:32:17.326 bleak_wrapper.py                          214 INFO     | Establishing BLE connection to FE63089A-82C2-409E-ACC6-382691467379: GoPro 4329...
   MainThread:01:32:17.336 client.py                                 134 DEBUG    | CentralManagerDelegate  at <CentralManagerDelegate: 0x10a42a4b0>
   MainThread:01:32:17.336 client.py                                 135 DEBUG    | Connecting to BLE device @ FE63089A-82C2-409E-ACC6-382691467379
      Dummy-1:01:32:18.330 CentralManagerDelegate.py                 303 DEBUG    | centralManager_didConnectPeripheral_
   MainThread:01:32:18.342 client.py                                 218 DEBUG    | Retrieving services...
      Dummy-2:01:32:18.418 PeripheralDelegate.py                     279 DEBUG    | peripheral_didDiscoverServices_
   MainThread:01:32:18.419 PeripheralDelegate.py                     273 DEBUG    | Services discovered
   MainThread:01:32:18.419 client.py                                 223 DEBUG    | Retrieving characteristics for service 180F
      Dummy-2:01:32:18.420 PeripheralDelegate.py                     315 DEBUG    | peripheral_didDiscoverCharacteristicsForService_error_
   MainThread:01:32:18.420 PeripheralDelegate.py                     309 DEBUG    | Characteristics discovered
   MainThread:01:32:18.421 client.py                                 232 DEBUG    | Retrieving descriptors for characteristic 2A19
      Dummy-2:01:32:18.422 PeripheralDelegate.py                     354 DEBUG    | peripheral_didDiscoverDescriptorsForCharacteristic_error_
   MainThread:01:32:18.422 PeripheralDelegate.py                     345 DEBUG    | Descriptor discovered 10
   MainThread:01:32:18.422 client.py                                 223 DEBUG    | Retrieving characteristics for service 180A
      Dummy-1:01:32:18.423 PeripheralDelegate.py                     315 DEBUG    | peripheral_didDiscoverCharacteristicsForService_error_
   MainThread:01:32:18.423 PeripheralDelegate.py                     309 DEBUG    | Characteristics discovered
   MainThread:01:32:18.423 client.py                                 232 DEBUG    | Retrieving descriptors for characteristic 2A29
      Dummy-1:01:32:18.424 PeripheralDelegate.py                     354 DEBUG    | peripheral_didDiscoverDescriptorsForCharacteristic_error_
   MainThread:01:32:18.424 PeripheralDelegate.py                     345 DEBUG    | Descriptor discovered 14
   MainThread:01:32:18.426 client.py                                 232 DEBUG    | Retrieving descriptors for characteristic 2A24
      Dummy-1:01:32:18.427 PeripheralDelegate.py                     354 DEBUG    | peripheral_didDiscoverDescriptorsForCharacteristic_error_
   MainThread:01:32:18.427 PeripheralDelegate.py                     345 DEBUG    | Descriptor discovered 16
   MainThread:01:32:18.428 client.py                                 232 DEBUG    | Retrieving descriptors for characteristic 2A25
      Dummy-1:01:32:18.428 PeripheralDelegate.py                     354 DEBUG    | peripheral_didDiscoverDescriptorsForCharacteristic_error_
   MainThread:01:32:18.428 PeripheralDelegate.py                     345 DEBUG    | Descriptor discovered 18
   MainThread:01:32:18.428 client.py                                 232 DEBUG    | Retrieving descriptors for characteristic 2A27
      Dummy-1:01:32:18.429 PeripheralDelegate.py                     354 DEBUG    | peripheral_didDiscoverDescriptorsForCharacteristic_error_
   MainThread:01:32:18.429 PeripheralDelegate.py                     345 DEBUG    | Descriptor discovered 20
   MainThread:01:32:18.429 client.py                                 232 DEBUG    | Retrieving descriptors for characteristic 2A26
      Dummy-1:01:32:18.429 PeripheralDelegate.py                     354 DEBUG    | peripheral_didDiscoverDescriptorsForCharacteristic_error_
   MainThread:01:32:18.429 PeripheralDelegate.py                     345 DEBUG    | Descriptor discovered 22
   MainThread:01:32:18.429 client.py                                 232 DEBUG    | Retrieving descriptors for characteristic 2A28
      Dummy-1:01:32:18.430 PeripheralDelegate.py                     354 DEBUG    | peripheral_didDiscoverDescriptorsForCharacteristic_error_
   MainThread:01:32:18.430 PeripheralDelegate.py                     345 DEBUG    | Descriptor discovered 24
   MainThread:01:32:18.430 client.py                                 232 DEBUG    | Retrieving descriptors for characteristic 2A23
      Dummy-1:01:32:18.430 PeripheralDelegate.py                     354 DEBUG    | peripheral_didDiscoverDescriptorsForCharacteristic_error_
   MainThread:01:32:18.430 PeripheralDelegate.py                     345 DEBUG    | Descriptor discovered 26
   MainThread:01:32:18.430 client.py                                 232 DEBUG    | Retrieving descriptors for characteristic 2A50
      Dummy-1:01:32:18.430 PeripheralDelegate.py                     354 DEBUG    | peripheral_didDiscoverDescriptorsForCharacteristic_error_
   MainThread:01:32:18.431 PeripheralDelegate.py                     345 DEBUG    | Descriptor discovered 28
   MainThread:01:32:18.431 client.py                                 223 DEBUG    | Retrieving characteristics for service B5F90001-AA8D-11E3-9046-0002A5D5C51B
      Dummy-1:01:32:18.432 PeripheralDelegate.py                     315 DEBUG    | peripheral_didDiscoverCharacteristicsForService_error_
   MainThread:01:32:18.432 PeripheralDelegate.py                     309 DEBUG    | Characteristics discovered
   MainThread:01:32:18.432 client.py                                 232 DEBUG    | Retrieving descriptors for characteristic B5F90002-AA8D-11E3-9046-0002A5D5C51B
      Dummy-1:01:32:18.432 PeripheralDelegate.py                     354 DEBUG    | peripheral_didDiscoverDescriptorsForCharacteristic_error_
   MainThread:01:32:18.432 PeripheralDelegate.py                     345 DEBUG    | Descriptor discovered 31
   MainThread:01:32:18.433 client.py                                 232 DEBUG    | Retrieving descriptors for characteristic B5F90003-AA8D-11E3-9046-0002A5D5C51B
      Dummy-1:01:32:18.433 PeripheralDelegate.py                     354 DEBUG    | peripheral_didDiscoverDescriptorsForCharacteristic_error_
   MainThread:01:32:18.433 PeripheralDelegate.py                     345 DEBUG    | Descriptor discovered 33
   MainThread:01:32:18.433 client.py                                 232 DEBUG    | Retrieving descriptors for characteristic B5F90004-AA8D-11E3-9046-0002A5D5C51B
      Dummy-1:01:32:18.433 PeripheralDelegate.py                     354 DEBUG    | peripheral_didDiscoverDescriptorsForCharacteristic_error_
   MainThread:01:32:18.433 PeripheralDelegate.py                     345 DEBUG    | Descriptor discovered 35
   MainThread:01:32:18.433 client.py                                 232 DEBUG    | Retrieving descriptors for characteristic B5F90005-AA8D-11E3-9046-0002A5D5C51B
      Dummy-1:01:32:18.434 PeripheralDelegate.py                     354 DEBUG    | peripheral_didDiscoverDescriptorsForCharacteristic_error_
   MainThread:01:32:18.434 PeripheralDelegate.py                     345 DEBUG    | Descriptor discovered 37
   MainThread:01:32:18.434 client.py                                 232 DEBUG    | Retrieving descriptors for characteristic B5F90006-AA8D-11E3-9046-0002A5D5C51B
      Dummy-1:01:32:18.434 PeripheralDelegate.py                     354 DEBUG    | peripheral_didDiscoverDescriptorsForCharacteristic_error_
   MainThread:01:32:18.434 PeripheralDelegate.py                     345 DEBUG    | Descriptor discovered 40
   MainThread:01:32:18.434 client.py                                 223 DEBUG    | Retrieving characteristics for service FEA6
      Dummy-1:01:32:18.435 PeripheralDelegate.py                     315 DEBUG    | peripheral_didDiscoverCharacteristicsForService_error_
   MainThread:01:32:18.435 PeripheralDelegate.py                     309 DEBUG    | Characteristics discovered
   MainThread:01:32:18.435 client.py                                 232 DEBUG    | Retrieving descriptors for characteristic B5F90072-AA8D-11E3-9046-0002A5D5C51B
      Dummy-1:01:32:18.435 PeripheralDelegate.py                     354 DEBUG    | peripheral_didDiscoverDescriptorsForCharacteristic_error_
   MainThread:01:32:18.435 PeripheralDelegate.py                     345 DEBUG    | Descriptor discovered 43
   MainThread:01:32:18.435 client.py                                 232 DEBUG    | Retrieving descriptors for characteristic B5F90073-AA8D-11E3-9046-0002A5D5C51B
      Dummy-1:01:32:18.436 PeripheralDelegate.py                     354 DEBUG    | peripheral_didDiscoverDescriptorsForCharacteristic_error_
   MainThread:01:32:18.436 PeripheralDelegate.py                     345 DEBUG    | Descriptor discovered 45
   MainThread:01:32:18.436 client.py                                 232 DEBUG    | Retrieving descriptors for characteristic B5F90074-AA8D-11E3-9046-0002A5D5C51B
      Dummy-1:01:32:18.436 PeripheralDelegate.py                     354 DEBUG    | peripheral_didDiscoverDescriptorsForCharacteristic_error_
   MainThread:01:32:18.436 PeripheralDelegate.py                     345 DEBUG    | Descriptor discovered 48
   MainThread:01:32:18.436 client.py                                 232 DEBUG    | Retrieving descriptors for characteristic B5F90075-AA8D-11E3-9046-0002A5D5C51B
      Dummy-1:01:32:18.437 PeripheralDelegate.py                     354 DEBUG    | peripheral_didDiscoverDescriptorsForCharacteristic_error_
   MainThread:01:32:18.437 PeripheralDelegate.py                     345 DEBUG    | Descriptor discovered 50
   MainThread:01:32:18.437 client.py                                 232 DEBUG    | Retrieving descriptors for characteristic B5F90076-AA8D-11E3-9046-0002A5D5C51B
      Dummy-1:01:32:18.437 PeripheralDelegate.py                     354 DEBUG    | peripheral_didDiscoverDescriptorsForCharacteristic_error_
   MainThread:01:32:18.437 PeripheralDelegate.py                     345 DEBUG    | Descriptor discovered 53
   MainThread:01:32:18.437 client.py                                 232 DEBUG    | Retrieving descriptors for characteristic B5F90077-AA8D-11E3-9046-0002A5D5C51B
      Dummy-1:01:32:18.437 PeripheralDelegate.py                     354 DEBUG    | peripheral_didDiscoverDescriptorsForCharacteristic_error_
   MainThread:01:32:18.438 PeripheralDelegate.py                     345 DEBUG    | Descriptor discovered 55
   MainThread:01:32:18.438 client.py                                 232 DEBUG    | Retrieving descriptors for characteristic B5F90078-AA8D-11E3-9046-0002A5D5C51B
      Dummy-1:01:32:18.438 PeripheralDelegate.py                     354 DEBUG    | peripheral_didDiscoverDescriptorsForCharacteristic_error_
   MainThread:01:32:18.438 PeripheralDelegate.py                     345 DEBUG    | Descriptor discovered 58
   MainThread:01:32:18.438 client.py                                 232 DEBUG    | Retrieving descriptors for characteristic B5F90079-AA8D-11E3-9046-0002A5D5C51B
      Dummy-1:01:32:18.438 PeripheralDelegate.py                     354 DEBUG    | peripheral_didDiscoverDescriptorsForCharacteristic_error_
   MainThread:01:32:18.438 PeripheralDelegate.py                     345 DEBUG    | Descriptor discovered 60
   MainThread:01:32:18.439 client.py                                 223 DEBUG    | Retrieving characteristics for service B5F90090-AA8D-11E3-9046-0002A5D5C51B
      Dummy-1:01:32:18.439 PeripheralDelegate.py                     315 DEBUG    | peripheral_didDiscoverCharacteristicsForService_error_
   MainThread:01:32:18.439 PeripheralDelegate.py                     309 DEBUG    | Characteristics discovered
   MainThread:01:32:18.439 client.py                                 232 DEBUG    | Retrieving descriptors for characteristic B5F90091-AA8D-11E3-9046-0002A5D5C51B
      Dummy-1:01:32:18.439 PeripheralDelegate.py                     354 DEBUG    | peripheral_didDiscoverDescriptorsForCharacteristic_error_
   MainThread:01:32:18.439 PeripheralDelegate.py                     345 DEBUG    | Descriptor discovered 64
   MainThread:01:32:18.439 client.py                                 232 DEBUG    | Retrieving descriptors for characteristic B5F90092-AA8D-11E3-9046-0002A5D5C51B
      Dummy-1:01:32:18.440 PeripheralDelegate.py                     354 DEBUG    | peripheral_didDiscoverDescriptorsForCharacteristic_error_
   MainThread:01:32:18.440 PeripheralDelegate.py                     345 DEBUG    | Descriptor discovered 66
   MainThread:01:32:18.440 client.py                                 223 DEBUG    | Retrieving characteristics for service B5F90080-AA8D-11E3-9046-0002A5D5C51B
      Dummy-1:01:32:18.440 PeripheralDelegate.py                     315 DEBUG    | peripheral_didDiscoverCharacteristicsForService_error_
   MainThread:01:32:18.441 PeripheralDelegate.py                     309 DEBUG    | Characteristics discovered
   MainThread:01:32:18.441 client.py                                 232 DEBUG    | Retrieving descriptors for characteristic B5F90081-AA8D-11E3-9046-0002A5D5C51B
      Dummy-1:01:32:18.441 PeripheralDelegate.py                     354 DEBUG    | peripheral_didDiscoverDescriptorsForCharacteristic_error_
   MainThread:01:32:18.441 PeripheralDelegate.py                     345 DEBUG    | Descriptor discovered 70
   MainThread:01:32:18.441 client.py                                 232 DEBUG    | Retrieving descriptors for characteristic B5F90082-AA8D-11E3-9046-0002A5D5C51B
      Dummy-1:01:32:18.441 PeripheralDelegate.py                     354 DEBUG    | peripheral_didDiscoverDescriptorsForCharacteristic_error_
   MainThread:01:32:18.441 PeripheralDelegate.py                     345 DEBUG    | Descriptor discovered 73
   MainThread:01:32:18.442 client.py                                 232 DEBUG    | Retrieving descriptors for characteristic B5F90083-AA8D-11E3-9046-0002A5D5C51B
      Dummy-1:01:32:18.442 PeripheralDelegate.py                     354 DEBUG    | peripheral_didDiscoverDescriptorsForCharacteristic_error_
   MainThread:01:32:18.443 PeripheralDelegate.py                     345 DEBUG    | Descriptor discovered 75
   MainThread:01:32:18.443 client.py                                 232 DEBUG    | Retrieving descriptors for characteristic B5F90084-AA8D-11E3-9046-0002A5D5C51B
      Dummy-1:01:32:18.443 PeripheralDelegate.py                     354 DEBUG    | peripheral_didDiscoverDescriptorsForCharacteristic_error_
   MainThread:01:32:18.443 PeripheralDelegate.py                     345 DEBUG    | Descriptor discovered 78
   MainThread:01:32:18.443 client.py                                 223 DEBUG    | Retrieving characteristics for service 1804
      Dummy-1:01:32:18.444 PeripheralDelegate.py                     315 DEBUG    | peripheral_didDiscoverCharacteristicsForService_error_
   MainThread:01:32:18.444 PeripheralDelegate.py                     309 DEBUG    | Characteristics discovered
   MainThread:01:32:18.444 client.py                                 232 DEBUG    | Retrieving descriptors for characteristic 2A07
      Dummy-1:01:32:18.444 PeripheralDelegate.py                     354 DEBUG    | peripheral_didDiscoverDescriptorsForCharacteristic_error_
   MainThread:01:32:18.444 PeripheralDelegate.py                     345 DEBUG    | Descriptor discovered 82
   MainThread:01:32:18.445 client.py                                 253 DEBUG    | Services resolved for BleakClientCoreBluetooth (FE63089A-82C2-409E-ACC6-382691467379)
   MainThread:01:32:18.445 bleak_wrapper.py                          258 DEBUG    | Attempting to pair...
   MainThread:01:32:18.445 bleak_wrapper.py                          301 DEBUG    | Pairing complete!
   MainThread:01:32:18.445 bleak_wrapper.py                          359 INFO     | Discovering characteristics...
   MainThread:01:32:18.446 bleak_wrapper.py                          367 DEBUG    | [Service] Battery Service
      Dummy-1:01:32:18.484 PeripheralDelegate.py                     433 DEBUG    | peripheral_didUpdateValueForDescriptor_error_
   MainThread:01:32:18.484 PeripheralDelegate.py                     424 DEBUG    | Read descriptor value
   MainThread:01:32:18.484 client.py                                 316 DEBUG    | Read Descriptor 12 : bytearray(b'')
   MainThread:01:32:18.485 bleak_wrapper.py                          399 DEBUG    | 	[Characteristic] Battery Level @ handle 10: READ|NOTIFY
   MainThread:01:32:18.485 bleak_wrapper.py                          367 DEBUG    | [Service] Device Information Service
   MainThread:01:32:18.485 bleak_wrapper.py                          399 DEBUG    | 	[Characteristic] Manufacturer Name @ handle 14: READ
   MainThread:01:32:18.485 bleak_wrapper.py                          399 DEBUG    | 	[Characteristic] Model Number @ handle 16: READ
   MainThread:01:32:18.485 bleak_wrapper.py                          399 DEBUG    | 	[Characteristic] Serial Number @ handle 18: READ
   MainThread:01:32:18.485 bleak_wrapper.py                          399 DEBUG    | 	[Characteristic] Hardware Revision @ handle 20: READ
   MainThread:01:32:18.485 bleak_wrapper.py                          399 DEBUG    | 	[Characteristic] Firmware Revision @ handle 22: READ
   MainThread:01:32:18.485 bleak_wrapper.py                          399 DEBUG    | 	[Characteristic] Software Revision @ handle 24: READ
   MainThread:01:32:18.485 bleak_wrapper.py                          399 DEBUG    | 	[Characteristic] System ID @ handle 26: READ
   MainThread:01:32:18.485 bleak_wrapper.py                          399 DEBUG    | 	[Characteristic] PNP ID @ handle 28: READ
   MainThread:01:32:18.485 bleak_wrapper.py                          367 DEBUG    | [Service] Wifi Access Point Service
   MainThread:01:32:18.485 bleak_wrapper.py                          399 DEBUG    | 	[Characteristic] Wifi AP SSID @ handle 31: READ|WRITE_YES_RSP
   MainThread:01:32:18.485 bleak_wrapper.py                          399 DEBUG    | 	[Characteristic] Wifi AP Password @ handle 33: READ|WRITE_YES_RSP
   MainThread:01:32:18.485 bleak_wrapper.py                          399 DEBUG    | 	[Characteristic] Wifi Power @ handle 35: WRITE_YES_RSP
      Dummy-1:01:32:18.529 PeripheralDelegate.py                     433 DEBUG    | peripheral_didUpdateValueForDescriptor_error_
   MainThread:01:32:18.530 PeripheralDelegate.py                     424 DEBUG    | Read descriptor value
   MainThread:01:32:18.530 client.py                                 316 DEBUG    | Read Descriptor 39 : bytearray(b'')
   MainThread:01:32:18.530 bleak_wrapper.py                          399 DEBUG    | 	[Characteristic] Wifi State @ handle 37: READ|INDICATE
   MainThread:01:32:18.530 bleak_wrapper.py                          399 DEBUG    | 	[Characteristic] CSI Password @ handle 40: READ
   MainThread:01:32:18.530 bleak_wrapper.py                          367 DEBUG    | [Service] Control and Query Service
   MainThread:01:32:18.530 bleak_wrapper.py                          399 DEBUG    | 	[Characteristic] Command @ handle 43: WRITE_YES_RSP
      Dummy-1:01:32:18.574 PeripheralDelegate.py                     433 DEBUG    | peripheral_didUpdateValueForDescriptor_error_
   MainThread:01:32:18.575 PeripheralDelegate.py                     424 DEBUG    | Read descriptor value
   MainThread:01:32:18.575 client.py                                 316 DEBUG    | Read Descriptor 47 : bytearray(b'')
   MainThread:01:32:18.575 bleak_wrapper.py                          399 DEBUG    | 	[Characteristic] Command Response @ handle 45: NOTIFY
   MainThread:01:32:18.575 bleak_wrapper.py                          399 DEBUG    | 	[Characteristic] Settings @ handle 48: WRITE_YES_RSP
      Dummy-1:01:32:18.618 PeripheralDelegate.py                     433 DEBUG    | peripheral_didUpdateValueForDescriptor_error_
   MainThread:01:32:18.619 PeripheralDelegate.py                     424 DEBUG    | Read descriptor value
   MainThread:01:32:18.620 client.py                                 316 DEBUG    | Read Descriptor 52 : bytearray(b'')
   MainThread:01:32:18.620 bleak_wrapper.py                          399 DEBUG    | 	[Characteristic] Settings Response @ handle 50: NOTIFY
   MainThread:01:32:18.621 bleak_wrapper.py                          399 DEBUG    | 	[Characteristic] Query @ handle 53: WRITE_YES_RSP
      Dummy-1:01:32:18.663 PeripheralDelegate.py                     433 DEBUG    | peripheral_didUpdateValueForDescriptor_error_
   MainThread:01:32:18.664 PeripheralDelegate.py                     424 DEBUG    | Read descriptor value
   MainThread:01:32:18.664 client.py                                 316 DEBUG    | Read Descriptor 57 : bytearray(b'')
   MainThread:01:32:18.664 bleak_wrapper.py                          399 DEBUG    | 	[Characteristic] Query Response @ handle 55: NOTIFY
   MainThread:01:32:18.664 bleak_wrapper.py                          399 DEBUG    | 	[Characteristic] Sensor @ handle 58: WRITE_YES_RSP
      Dummy-1:01:32:18.709 PeripheralDelegate.py                     433 DEBUG    | peripheral_didUpdateValueForDescriptor_error_
   MainThread:01:32:18.710 PeripheralDelegate.py                     424 DEBUG    | Read descriptor value
   MainThread:01:32:18.710 client.py                                 316 DEBUG    | Read Descriptor 62 : bytearray(b'')
   MainThread:01:32:18.710 bleak_wrapper.py                          399 DEBUG    | 	[Characteristic] Sensor Response @ handle 60: NOTIFY
   MainThread:01:32:18.711 bleak_wrapper.py                          367 DEBUG    | [Service] Camera Management Service
   MainThread:01:32:18.711 bleak_wrapper.py                          399 DEBUG    | 	[Characteristic] Camera Management @ handle 64: WRITE_YES_RSP
      Dummy-1:01:32:18.754 PeripheralDelegate.py                     433 DEBUG    | peripheral_didUpdateValueForDescriptor_error_
   MainThread:01:32:18.755 PeripheralDelegate.py                     424 DEBUG    | Read descriptor value
   MainThread:01:32:18.756 client.py                                 316 DEBUG    | Read Descriptor 68 : bytearray(b'')
   MainThread:01:32:18.756 bleak_wrapper.py                          399 DEBUG    | 	[Characteristic] Camera Management Response @ handle 66: NOTIFY
   MainThread:01:32:18.756 bleak_wrapper.py                          367 DEBUG    | [Service] Unknown Service
      Dummy-1:01:32:18.800 PeripheralDelegate.py                     433 DEBUG    | peripheral_didUpdateValueForDescriptor_error_
   MainThread:01:32:18.801 PeripheralDelegate.py                     424 DEBUG    | Read descriptor value
   MainThread:01:32:18.802 client.py                                 316 DEBUG    | Read Descriptor 72 : bytearray(b'')
   MainThread:01:32:18.802 bleak_wrapper.py                          399 DEBUG    | 	[Characteristic] Internal 81 @ handle 70: NOTIFY
   MainThread:01:32:18.802 bleak_wrapper.py                          399 DEBUG    | 	[Characteristic] Internal 82 @ handle 73: WRITE_YES_RSP
      Dummy-1:01:32:18.845 PeripheralDelegate.py                     433 DEBUG    | peripheral_didUpdateValueForDescriptor_error_
   MainThread:01:32:18.845 PeripheralDelegate.py                     424 DEBUG    | Read descriptor value
   MainThread:01:32:18.846 client.py                                 316 DEBUG    | Read Descriptor 77 : bytearray(b'')
   MainThread:01:32:18.846 bleak_wrapper.py                          399 DEBUG    | 	[Characteristic] Internal 83 @ handle 75: NOTIFY
      Dummy-1:01:32:18.888 PeripheralDelegate.py                     433 DEBUG    | peripheral_didUpdateValueForDescriptor_error_
   MainThread:01:32:18.889 PeripheralDelegate.py                     424 DEBUG    | Read descriptor value
   MainThread:01:32:18.889 client.py                                 316 DEBUG    | Read Descriptor 80 : bytearray(b'')
   MainThread:01:32:18.889 bleak_wrapper.py                          399 DEBUG    | 	[Characteristic] Internal 84 @ handle 78: NOTIFY
   MainThread:01:32:18.890 bleak_wrapper.py                          367 DEBUG    | [Service] Tx Power Service
   MainThread:01:32:18.890 bleak_wrapper.py                          399 DEBUG    | 	[Characteristic] Tx Power Level @ handle 82: READ
   MainThread:01:32:18.890 bleak_wrapper.py                          404 INFO     | Done discovering characteristics!
   MainThread:01:32:18.892 bleak_wrapper.py                          322 INFO     | Enabling notifications...
   MainThread:01:32:18.895 bleak_wrapper.py                          326 DEBUG    | Enabling notification on char 00002a19-0000-1000-8000-00805f9b34fb
      Dummy-1:01:32:18.932 PeripheralDelegate.py                     538 DEBUG    | peripheral_didUpdateNotificationStateForCharacteristic_error_
   MainThread:01:32:18.933 PeripheralDelegate.py                     529 DEBUG    | Character Notify Update
   MainThread:01:32:18.933 bleak_wrapper.py                          326 DEBUG    | Enabling notification on char b5f90073-aa8d-11e3-9046-0002a5d5c51b
      Dummy-1:01:32:18.977 PeripheralDelegate.py                     538 DEBUG    | peripheral_didUpdateNotificationStateForCharacteristic_error_
   MainThread:01:32:18.978 PeripheralDelegate.py                     529 DEBUG    | Character Notify Update
   MainThread:01:32:18.978 bleak_wrapper.py                          326 DEBUG    | Enabling notification on char b5f90075-aa8d-11e3-9046-0002a5d5c51b
      Dummy-1:01:32:19.024 PeripheralDelegate.py                     538 DEBUG    | peripheral_didUpdateNotificationStateForCharacteristic_error_
   MainThread:01:32:19.026 PeripheralDelegate.py                     529 DEBUG    | Character Notify Update
   MainThread:01:32:19.026 bleak_wrapper.py                          326 DEBUG    | Enabling notification on char b5f90077-aa8d-11e3-9046-0002a5d5c51b
      Dummy-1:01:32:19.069 PeripheralDelegate.py                     538 DEBUG    | peripheral_didUpdateNotificationStateForCharacteristic_error_
   MainThread:01:32:19.070 PeripheralDelegate.py                     529 DEBUG    | Character Notify Update
   MainThread:01:32:19.070 bleak_wrapper.py                          326 DEBUG    | Enabling notification on char b5f90079-aa8d-11e3-9046-0002a5d5c51b
      Dummy-1:01:32:19.112 PeripheralDelegate.py                     538 DEBUG    | peripheral_didUpdateNotificationStateForCharacteristic_error_
   MainThread:01:32:19.113 PeripheralDelegate.py                     529 DEBUG    | Character Notify Update
   MainThread:01:32:19.114 bleak_wrapper.py                          326 DEBUG    | Enabling notification on char b5f90092-aa8d-11e3-9046-0002a5d5c51b
      Dummy-1:01:32:19.158 PeripheralDelegate.py                     538 DEBUG    | peripheral_didUpdateNotificationStateForCharacteristic_error_
   MainThread:01:32:19.159 PeripheralDelegate.py                     529 DEBUG    | Character Notify Update
   MainThread:01:32:19.159 bleak_wrapper.py                          326 DEBUG    | Enabling notification on char b5f90081-aa8d-11e3-9046-0002a5d5c51b
      Dummy-1:01:32:19.202 PeripheralDelegate.py                     538 DEBUG    | peripheral_didUpdateNotificationStateForCharacteristic_error_
   MainThread:01:32:19.203 PeripheralDelegate.py                     529 DEBUG    | Character Notify Update
   MainThread:01:32:19.204 bleak_wrapper.py                          326 DEBUG    | Enabling notification on char b5f90083-aa8d-11e3-9046-0002a5d5c51b
      Dummy-1:01:32:19.248 PeripheralDelegate.py                     538 DEBUG    | peripheral_didUpdateNotificationStateForCharacteristic_error_
   MainThread:01:32:19.249 PeripheralDelegate.py                     529 DEBUG    | Character Notify Update
   MainThread:01:32:19.249 bleak_wrapper.py                          326 DEBUG    | Enabling notification on char b5f90084-aa8d-11e3-9046-0002a5d5c51b
      Dummy-1:01:32:19.293 PeripheralDelegate.py                     538 DEBUG    | peripheral_didUpdateNotificationStateForCharacteristic_error_
   MainThread:01:32:19.294 PeripheralDelegate.py                     529 DEBUG    | Character Notify Update
   MainThread:01:32:19.294 bleak_wrapper.py                          328 INFO     | Done enabling notifications
   MainThread:01:32:19.297 gopro_wireless.py                         718 INFO     | 
<<<<<<<<--------------
    "id" : "QueryCmdId.REG_STATUS_VAL_UPDATE",
    "status_id" : "StatusId.ENCODING",
    "protocol" : "Protocol.BLE",
    "uuid" : "Query",
<<<<<<<<--------------

   MainThread:01:32:19.302 gopro_wireless.py                         722 DEBUG    | Writing to [Query] UUID: 20:02:53:0a
   MainThread:01:32:19.302 bleak_wrapper.py                          101 DEBUG    | Writing to Query: b5f90076aa8d11e390460002a5d5c51b
      Dummy-1:01:32:19.338 PeripheralDelegate.py                     467 DEBUG    | peripheral_didWriteValueForCharacteristic_error_
   MainThread:01:32:19.339 PeripheralDelegate.py                     458 DEBUG    | Write Characteristic Value
      Dummy-1:01:32:19.339 PeripheralDelegate.py                     397 DEBUG    | peripheral_didUpdateValueForCharacteristic_error_
   MainThread:01:32:19.339 client.py                                 335 DEBUG    | Write Characteristic b5f90076-aa8d-11e3-9046-0002a5d5c51b : b' \x02S\n'
   MainThread:01:32:19.340 gopro_wireless.py                         676 DEBUG    | Received response on BleUUID [Query Response]: 05:53:00:0a:01:00
   MainThread:01:32:19.341 gopro_wireless.py                         651 INFO     | 
-------------->>>>>>>>
    "id" : "QueryCmdId.REG_STATUS_VAL_UPDATE",
    "status" : "ErrorCode.SUCCESS",
    "protocol" : "Protocol.BLE",
    "data" : {
        "StatusId.ENCODING" : "False",
    },
-------------->>>>>>>>

   MainThread:01:32:19.344 gopro_wireless.py                         718 INFO     | 
<<<<<<<<--------------
    "id" : "QueryCmdId.REG_STATUS_VAL_UPDATE",
    "status_id" : "StatusId.SYSTEM_BUSY",
    "protocol" : "Protocol.BLE",
    "uuid" : "Query",
<<<<<<<<--------------

   MainThread:01:32:19.346 gopro_wireless.py                         722 DEBUG    | Writing to [Query] UUID: 20:02:53:08
   MainThread:01:32:19.346 bleak_wrapper.py                          101 DEBUG    | Writing to Query: b5f90076aa8d11e390460002a5d5c51b
      Dummy-1:01:32:19.382 PeripheralDelegate.py                     467 DEBUG    | peripheral_didWriteValueForCharacteristic_error_
   MainThread:01:32:19.382 PeripheralDelegate.py                     458 DEBUG    | Write Characteristic Value
   MainThread:01:32:19.383 client.py                                 335 DEBUG    | Write Characteristic b5f90076-aa8d-11e3-9046-0002a5d5c51b : b' \x02S\x08'
      Dummy-1:01:32:19.384 PeripheralDelegate.py                     397 DEBUG    | peripheral_didUpdateValueForCharacteristic_error_
   MainThread:01:32:19.384 gopro_wireless.py                         676 DEBUG    | Received response on BleUUID [Query Response]: 05:53:00:08:01:00
   MainThread:01:32:19.384 gopro_wireless.py                         651 INFO     | 
-------------->>>>>>>>
    "id" : "QueryCmdId.REG_STATUS_VAL_UPDATE",
    "status" : "ErrorCode.SUCCESS",
    "protocol" : "Protocol.BLE",
    "data" : {
        "StatusId.SYSTEM_BUSY" : "False",
    },
-------------->>>>>>>>

   MainThread:01:32:19.386 gopro_wireless.py                         591 INFO     | BLE is ready!
   MainThread:01:32:19.413 gopro_wireless.py                         718 INFO     | 
<<<<<<<<--------------
    "id" : "CmdId.SET_DATE_TIME_DST",
    "protocol" : "Protocol.BLE",
    "uuid" : "Command",
    "date_time" : "2024-10-19 01:32:19.413317+02:00",
    "tz_offset" : "120",
    "is_dst" : "False",
<<<<<<<<--------------

   MainThread:01:32:19.415 gopro_wireless.py                         722 DEBUG    | Writing to [Command] UUID: 20:0c:0f:0a:07:e8:0a:13:01:20:13:00:78:00
   MainThread:01:32:19.415 bleak_wrapper.py                          101 DEBUG    | Writing to Command: b5f90072aa8d11e390460002a5d5c51b
      Dummy-1:01:32:19.450 PeripheralDelegate.py                     467 DEBUG    | peripheral_didWriteValueForCharacteristic_error_
   MainThread:01:32:19.450 PeripheralDelegate.py                     458 DEBUG    | Write Characteristic Value
      Dummy-1:01:32:19.450 PeripheralDelegate.py                     397 DEBUG    | peripheral_didUpdateValueForCharacteristic_error_
   MainThread:01:32:19.450 client.py                                 335 DEBUG    | Write Characteristic b5f90072-aa8d-11e3-9046-0002a5d5c51b : b' \x0c\x0f\n\x07\xe8\n\x13\x01 \x13\x00x\x00'
   MainThread:01:32:19.451 gopro_wireless.py                         676 DEBUG    | Received response on BleUUID [Command Response]: 02:0f:00
   MainThread:01:32:19.451 gopro_wireless.py                         651 INFO     | 
-------------->>>>>>>>
    "id" : "CmdId.SET_DATE_TIME_DST",
    "status" : "ErrorCode.SUCCESS",
    "protocol" : "Protocol.BLE",
-------------->>>>>>>>

   MainThread:01:32:19.452 gopro_wireless.py                         718 INFO     | 
<<<<<<<<--------------
    "id" : "CmdId.GET_THIRD_PARTY_API_VERSION",
    "protocol" : "Protocol.BLE",
    "uuid" : "Command",
<<<<<<<<--------------

   MainThread:01:32:19.454 gopro_wireless.py                         722 DEBUG    | Writing to [Command] UUID: 20:01:51
   MainThread:01:32:19.454 bleak_wrapper.py                          101 DEBUG    | Writing to Command: b5f90072aa8d11e390460002a5d5c51b
      Dummy-1:01:32:19.495 PeripheralDelegate.py                     467 DEBUG    | peripheral_didWriteValueForCharacteristic_error_
   MainThread:01:32:19.495 PeripheralDelegate.py                     458 DEBUG    | Write Characteristic Value
      Dummy-1:01:32:19.495 PeripheralDelegate.py                     397 DEBUG    | peripheral_didUpdateValueForCharacteristic_error_
   MainThread:01:32:19.495 client.py                                 335 DEBUG    | Write Characteristic b5f90072-aa8d-11e3-9046-0002a5d5c51b : b' \x01Q'
   MainThread:01:32:19.496 gopro_wireless.py                         676 DEBUG    | Received response on BleUUID [Command Response]: 06:51:00:01:02:01:00
   MainThread:01:32:19.496 gopro_wireless.py                         651 INFO     | 
-------------->>>>>>>>
    "id" : "CmdId.GET_THIRD_PARTY_API_VERSION",
    "status" : "ErrorCode.SUCCESS",
    "protocol" : "Protocol.BLE",
    "data" : "2.0",
-------------->>>>>>>>

   MainThread:01:32:19.498 gopro_wireless.py                         305 INFO     | Using Open GoPro API version 2.0
   MainThread:01:32:19.498 gopro_wireless.py                         312 INFO     | Turning off the camera's Wifi radio
   MainThread:01:32:19.499 gopro_wireless.py                         718 INFO     | 
<<<<<<<<--------------
    "id" : "CmdId.SET_WIFI",
    "protocol" : "Protocol.BLE",
    "uuid" : "Command",
    "enable" : "False",
<<<<<<<<--------------

   MainThread:01:32:19.500 gopro_wireless.py                         722 DEBUG    | Writing to [Command] UUID: 20:03:17:01:00
   MainThread:01:32:19.500 bleak_wrapper.py                          101 DEBUG    | Writing to Command: b5f90072aa8d11e390460002a5d5c51b
      Dummy-2:01:32:19.540 PeripheralDelegate.py                     467 DEBUG    | peripheral_didWriteValueForCharacteristic_error_
   MainThread:01:32:19.540 PeripheralDelegate.py                     458 DEBUG    | Write Characteristic Value
      Dummy-2:01:32:19.540 PeripheralDelegate.py                     397 DEBUG    | peripheral_didUpdateValueForCharacteristic_error_
   MainThread:01:32:19.540 client.py                                 335 DEBUG    | Write Characteristic b5f90072-aa8d-11e3-9046-0002a5d5c51b : b' \x03\x17\x01\x00'
   MainThread:01:32:19.541 gopro_wireless.py                         676 DEBUG    | Received response on BleUUID [Command Response]: 02:17:00
   MainThread:01:32:19.541 gopro_wireless.py                         651 INFO     | 
-------------->>>>>>>>
    "id" : "CmdId.SET_WIFI",
    "status" : "ErrorCode.SUCCESS",
    "protocol" : "Protocol.BLE",
-------------->>>>>>>>

   MainThread:01:32:19.542 gopro_wireless.py                         718 INFO     | 
<<<<<<<<--------------
    "id" : "CmdId.SET_SHUTTER",
    "protocol" : "Protocol.BLE",
    "uuid" : "Command",
    "shutter" : "Toggle.DISABLE",
<<<<<<<<--------------

   MainThread:01:32:19.544 gopro_wireless.py                         722 DEBUG    | Writing to [Command] UUID: 20:03:01:01:00
   MainThread:01:32:19.544 bleak_wrapper.py                          101 DEBUG    | Writing to Command: b5f90072aa8d11e390460002a5d5c51b
      Dummy-2:01:32:19.585 PeripheralDelegate.py                     467 DEBUG    | peripheral_didWriteValueForCharacteristic_error_
   MainThread:01:32:19.585 PeripheralDelegate.py                     458 DEBUG    | Write Characteristic Value
   MainThread:01:32:19.585 client.py                                 335 DEBUG    | Write Characteristic b5f90072-aa8d-11e3-9046-0002a5d5c51b : b' \x03\x01\x01\x00'
      Dummy-2:01:32:19.609 PeripheralDelegate.py                     397 DEBUG    | peripheral_didUpdateValueForCharacteristic_error_
   MainThread:01:32:19.609 gopro_wireless.py                         676 DEBUG    | Received response on BleUUID [Command Response]: 02:01:02
   MainThread:01:32:19.609 gopro_wireless.py                         651 INFO     | 
-------------->>>>>>>>
    "id" : "CmdId.SET_SHUTTER",
    "status" : "ErrorCode.INVALID_PARAM",
    "protocol" : "Protocol.BLE",
-------------->>>>>>>>

   MainThread:01:32:19.611 gopro_wireless.py                         734 WARNING  | Received non-success status: ErrorCode.INVALID_PARAM
   MainThread:01:32:19.612 gopro_wireless.py                         718 INFO     | 
<<<<<<<<--------------
    "id" : "ActionId.GET_LIVESTREAM_STATUS",
    "feature_id" : "FeatureId.QUERY",
    "protocol" : "Protocol.BLE",
    "uuid" : "Query",
    "register_live_stream_status" : [
        "1"
    ],
    "unregister_live_stream_status" : [
        
    ],
<<<<<<<<--------------

   MainThread:01:32:19.614 gopro_wireless.py                         722 DEBUG    | Writing to [Query] UUID: 20:04:f5:74:08:01
   MainThread:01:32:19.614 bleak_wrapper.py                          101 DEBUG    | Writing to Query: b5f90076aa8d11e390460002a5d5c51b
      Dummy-2:01:32:19.654 PeripheralDelegate.py                     467 DEBUG    | peripheral_didWriteValueForCharacteristic_error_
   MainThread:01:32:19.654 PeripheralDelegate.py                     458 DEBUG    | Write Characteristic Value
      Dummy-2:01:32:19.654 PeripheralDelegate.py                     397 DEBUG    | peripheral_didUpdateValueForCharacteristic_error_
   MainThread:01:32:19.655 client.py                                 335 DEBUG    | Write Characteristic b5f90076-aa8d-11e3-9046-0002a5d5c51b : b' \x04\xf5t\x08\x01'
      Dummy-2:01:32:19.655 PeripheralDelegate.py                     397 DEBUG    | peripheral_didUpdateValueForCharacteristic_error_
   MainThread:01:32:19.655 gopro_wireless.py                         676 DEBUG    | Received response on BleUUID [Query Response]: 20:22:f5:f4:08:00:10:00:18:01:20:00:28:0c:28:07:28:04:30:01
   MainThread:01:32:19.655 gopro_wireless.py                         676 DEBUG    | Received response on BleUUID [Query Response]: 80:38:00:40:a0:06:48:90:4e:50:01:58:00:58:04:58:03
   MainThread:01:32:19.657 gopro_wireless.py                         651 INFO     | 
-------------->>>>>>>>
    "id" : "ActionId.LIVESTREAM_STATUS_RSP",
    "status" : "ErrorCode.UNKNOWN",
    "protocol" : "Protocol.BLE",
    "data" : {
        "live_stream_status" : "EnumLiveStreamStatus.LIVE_STREAM_STATE_IDLE",
        "live_stream_error" : "EnumLiveStreamError.LIVE_STREAM_ERROR_NONE",
        "live_stream_encode" : "True",
        "live_stream_bitrate" : "0",
        "live_stream_window_size_supported_array" : [
            "EnumWindowSize.WINDOW_SIZE_1080", "EnumWindowSize.WINDOW_SIZE_720", "EnumWindowSize.WINDOW_SIZE_480"
        ],
        "live_stream_encode_supported" : "True",
        "live_stream_max_lens_unsupported" : "False",
        "live_stream_minimum_stream_bitrate" : "800",
        "live_stream_maximum_stream_bitrate" : "10000",
        "live_stream_lens_supported" : "True",
        "live_stream_lens_supported_array" : [
            "EnumLens.LENS_WIDE", "EnumLens.LENS_LINEAR", "EnumLens.LENS_SUPERVIEW"
        ],
        "live_stream_protune_supported" : "None",
    },
-------------->>>>>>>>

   MainThread:01:32:19.661 gopro_wireless.py                         496 INFO     | Scanning for Wifi networks
   MainThread:01:32:19.662 gopro_wireless.py                         718 INFO     | 
<<<<<<<<--------------
    "id" : "ActionId.SCAN_WIFI_NETWORKS",
    "feature_id" : "FeatureId.NETWORK_MANAGEMENT",
    "protocol" : "Protocol.BLE",
    "uuid" : "Camera Management",
<<<<<<<<--------------

   MainThread:01:32:19.664 gopro_wireless.py                         722 DEBUG    | Writing to [Camera Management] UUID: 20:02:02:02
   MainThread:01:32:19.664 bleak_wrapper.py                          101 DEBUG    | Writing to Camera Management: b5f90091aa8d11e390460002a5d5c51b
      Dummy-2:01:32:19.699 PeripheralDelegate.py                     467 DEBUG    | peripheral_didWriteValueForCharacteristic_error_
   MainThread:01:32:19.699 PeripheralDelegate.py                     458 DEBUG    | Write Characteristic Value
      Dummy-2:01:32:19.699 PeripheralDelegate.py                     397 DEBUG    | peripheral_didUpdateValueForCharacteristic_error_
   MainThread:01:32:19.699 client.py                                 335 DEBUG    | Write Characteristic b5f90091-aa8d-11e3-9046-0002a5d5c51b : b' \x02\x02\x02'
   MainThread:01:32:19.700 gopro_wireless.py                         676 DEBUG    | Received response on BleUUID [Camera Management Response]: 06:02:82:08:01:10:02
   MainThread:01:32:19.701 gopro_wireless.py                         651 INFO     | 
-------------->>>>>>>>
    "id" : "ActionId.SCAN_WIFI_NETWORKS_RSP",
    "status" : "ErrorCode.SUCCESS",
    "protocol" : "Protocol.BLE",
    "data" : {
        "result" : "EnumResultGeneric.RESULT_SUCCESS",
        "scanning_state" : "EnumScanning.SCANNING_STARTED",
    },
-------------->>>>>>>>

      Dummy-2:01:32:22.893 PeripheralDelegate.py                     397 DEBUG    | peripheral_didUpdateValueForCharacteristic_error_
   MainThread:01:32:22.894 gopro_wireless.py                         676 DEBUG    | Received response on BleUUID [Camera Management Response]: 0a:02:0b:08:05:10:14:18:0a:20:02
   MainThread:01:32:22.895 gopro_wireless.py                         657 INFO     | 
----ASYNC----->>>>>>>>
    "id" : "ActionId.NOTIF_START_SCAN",
    "status" : "ErrorCode.UNKNOWN",
    "protocol" : "Protocol.BLE",
    "data" : {
        "scanning_state" : "EnumScanning.SCANNING_SUCCESS",
        "scan_id" : "20",
        "total_entries" : "10",
        "total_configured_ssid" : "2",
    },
----ASYNC----->>>>>>>>

   MainThread:01:32:22.899 gopro_wireless.py                         718 INFO     | 
<<<<<<<<--------------
    "id" : "ActionId.GET_AP_ENTRIES",
    "feature_id" : "FeatureId.NETWORK_MANAGEMENT",
    "protocol" : "Protocol.BLE",
    "uuid" : "Camera Management",
    "scan_id" : "20",
    "start_index" : "0",
    "max_entries" : "100",
<<<<<<<<--------------

   MainThread:01:32:22.902 gopro_wireless.py                         722 DEBUG    | Writing to [Camera Management] UUID: 20:08:02:03:08:00:10:64:18:14
   MainThread:01:32:22.902 bleak_wrapper.py                          101 DEBUG    | Writing to Camera Management: b5f90091aa8d11e390460002a5d5c51b
      Dummy-2:01:32:22.938 PeripheralDelegate.py                     467 DEBUG    | peripheral_didWriteValueForCharacteristic_error_
   MainThread:01:32:22.939 PeripheralDelegate.py                     458 DEBUG    | Write Characteristic Value
      Dummy-2:01:32:22.939 PeripheralDelegate.py                     397 DEBUG    | peripheral_didUpdateValueForCharacteristic_error_
   MainThread:01:32:22.939 client.py                                 335 DEBUG    | Write Characteristic b5f90091-aa8d-11e3-9046-0002a5d5c51b : b' \x08\x02\x03\x08\x00\x10d\x18\x14'
      Dummy-2:01:32:22.939 PeripheralDelegate.py                     397 DEBUG    | peripheral_didUpdateValueForCharacteristic_error_
   MainThread:01:32:22.940 gopro_wireless.py                         676 DEBUG    | Received response on BleUUID [Camera Management Response]: 20:db:02:83:08:01:10:14:1a:1f:0a:16:54:68:65:20:4d:61:74:74
   MainThread:01:32:22.940 gopro_wireless.py                         676 DEBUG    | Received response on BleUUID [Camera Management Response]: 80:65:72:68:6f:72:6e:20:42:69:76:61:63:63:6f:10:03:20:bc:28
      Dummy-1:01:32:22.960 PeripheralDelegate.py                     397 DEBUG    | peripheral_didUpdateValueForCharacteristic_error_
      Dummy-1:01:32:22.961 PeripheralDelegate.py                     397 DEBUG    | peripheral_didUpdateValueForCharacteristic_error_
   MainThread:01:32:22.961 gopro_wireless.py                         676 DEBUG    | Received response on BleUUID [Camera Management Response]: 81:28:27:1a:0e:0a:05:67:6f:70:72:6f:10:03:20:9e:13:28:01:1a
   MainThread:01:32:22.961 gopro_wireless.py                         676 DEBUG    | Received response on BleUUID [Camera Management Response]: 82:1d:0a:14:4b:69:74:63:68:65:6e:20:73:70:65:61:6b:65:72:2e
      Dummy-1:01:32:22.981 PeripheralDelegate.py                     397 DEBUG    | peripheral_didUpdateValueForCharacteristic_error_
   MainThread:01:32:22.982 gopro_wireless.py                         676 DEBUG    | Received response on BleUUID [Camera Management Response]: 83:79:6e:6d:2c:10:03:20:85:13:28:00:1a:11:0a:08:50:75:6c:73
      Dummy-1:01:32:22.982 PeripheralDelegate.py                     397 DEBUG    | peripheral_didUpdateValueForCharacteristic_error_
   MainThread:01:32:22.983 gopro_wireless.py                         676 DEBUG    | Received response on BleUUID [Camera Management Response]: 84:65:54:56:37:10:03:20:8f:13:28:01:1a:11:0a:08:43:6f:74:74
      Dummy-1:01:32:23.004 PeripheralDelegate.py                     397 DEBUG    | peripheral_didUpdateValueForCharacteristic_error_
   MainThread:01:32:23.004 gopro_wireless.py                         676 DEBUG    | Received response on BleUUID [Camera Management Response]: 85:61:67:65:33:10:02:20:ec:12:28:01:1a:14:0a:0b:66:6f:6f:77
      Dummy-1:01:32:23.005 PeripheralDelegate.py                     397 DEBUG    | peripheral_didUpdateValueForCharacteristic_error_
   MainThread:01:32:23.005 gopro_wireless.py                         676 DEBUG    | Received response on BleUUID [Camera Management Response]: 86:69:72:65:6c:65:73:73:10:02:20:9e:13:28:01:1a:0e:0a:05:55
      Dummy-1:01:32:23.027 PeripheralDelegate.py                     397 DEBUG    | peripheral_didUpdateValueForCharacteristic_error_
   MainThread:01:32:23.028 gopro_wireless.py                         676 DEBUG    | Received response on BleUUID [Camera Management Response]: 87:6e:69:46:69:10:02:20:9e:13:28:01:1a:0f:0a:06:48:65:73:74
      Dummy-1:01:32:23.029 PeripheralDelegate.py                     397 DEBUG    | peripheral_didUpdateValueForCharacteristic_error_
   MainThread:01:32:23.029 gopro_wireless.py                         676 DEBUG    | Received response on BleUUID [Camera Management Response]: 88:65:72:10:02:20:9e:13:28:01:1a:0d:0a:04:75:62:6e:74:10:02
      Dummy-2:01:32:23.053 PeripheralDelegate.py                     397 DEBUG    | peripheral_didUpdateValueForCharacteristic_error_
      Dummy-2:01:32:23.053 PeripheralDelegate.py                     397 DEBUG    | peripheral_didUpdateValueForCharacteristic_error_
   MainThread:01:32:23.054 gopro_wireless.py                         676 DEBUG    | Received response on BleUUID [Camera Management Response]: 89:20:c1:2d:28:00:1a:17:0a:0e:57:61:74:65:72:66:6f:72:64:55
   MainThread:01:32:23.054 gopro_wireless.py                         676 DEBUG    | Received response on BleUUID [Camera Management Response]: 8a:6e:69:46:69:10:02:20:f1:2c:28:01
   MainThread:01:32:23.056 gopro_wireless.py                         651 INFO     | 
-------------->>>>>>>>
    "id" : "ActionId.GET_AP_ENTRIES_RSP",
    "status" : "ErrorCode.SUCCESS",
    "protocol" : "Protocol.BLE",
    "data" : {
        "result" : "EnumResultGeneric.RESULT_SUCCESS",
        "scan_id" : "20",
        "entries" : [
            {
                "ssid" : "The Matterhorn Bivacco",
                "signal_strength_bars" : "3",
                "signal_frequency_mhz" : "5180",
                "scan_entry_flags" : "39",
            }, {
                "ssid" : "gopro",
                "signal_strength_bars" : "3",
                "signal_frequency_mhz" : "2462",
                "scan_entry_flags" : "1",
            }, {
                "ssid" : "Kitchen speaker.ynm,",
                "signal_strength_bars" : "3",
                "signal_frequency_mhz" : "2437",
                "scan_entry_flags" : "0",
            }, {
                "ssid" : "PulseTV7",
                "signal_strength_bars" : "3",
                "signal_frequency_mhz" : "2447",
                "scan_entry_flags" : "1",
            }, {
                "ssid" : "Cottage3",
                "signal_strength_bars" : "2",
                "signal_frequency_mhz" : "2412",
                "scan_entry_flags" : "1",
            }, {
                "ssid" : "foowireless",
                "signal_strength_bars" : "2",
                "signal_frequency_mhz" : "2462",
                "scan_entry_flags" : "1",
            }, {
                "ssid" : "UniFi",
                "signal_strength_bars" : "2",
                "signal_frequency_mhz" : "2462",
                "scan_entry_flags" : "1",
            }, {
                "ssid" : "Hester",
                "signal_strength_bars" : "2",
                "signal_frequency_mhz" : "2462",
                "scan_entry_flags" : "1",
            }, {
                "ssid" : "ubnt",
                "signal_strength_bars" : "2",
                "signal_frequency_mhz" : "5825",
                "scan_entry_flags" : "0",
            }, {
                "ssid" : "WaterfordUniFi",
                "signal_strength_bars" : "2",
                "signal_frequency_mhz" : "5745",
                "scan_entry_flags" : "1",
            }
        ],
    },
-------------->>>>>>>>

   MainThread:01:32:23.067 gopro_wireless.py                         511 INFO     | Connecting to already provisioned network The Matterhorn Bivacco...
   MainThread:01:32:23.068 gopro_wireless.py                         718 INFO     | 
<<<<<<<<--------------
    "id" : "ActionId.REQUEST_WIFI_CONNECT",
    "feature_id" : "FeatureId.NETWORK_MANAGEMENT",
    "protocol" : "Protocol.BLE",
    "uuid" : "Camera Management",
    "ssid" : "The Matterhorn Bivacco",
<<<<<<<<--------------

   MainThread:01:32:23.071 gopro_wireless.py                         722 DEBUG    | Writing to [Camera Management] UUID: 20:1a:02:04:0a:16:54:68:65:20:4d:61:74:74:65:72:68:6f:72:6e
   MainThread:01:32:23.071 bleak_wrapper.py                          101 DEBUG    | Writing to Camera Management: b5f90091aa8d11e390460002a5d5c51b
      Dummy-2:01:32:23.119 PeripheralDelegate.py                     467 DEBUG    | peripheral_didWriteValueForCharacteristic_error_
   MainThread:01:32:23.119 PeripheralDelegate.py                     458 DEBUG    | Write Characteristic Value
   MainThread:01:32:23.119 client.py                                 335 DEBUG    | Write Characteristic b5f90091-aa8d-11e3-9046-0002a5d5c51b : b' \x1a\x02\x04\n\x16The Matterhorn'
   MainThread:01:32:23.119 gopro_wireless.py                         722 DEBUG    | Writing to [Camera Management] UUID: 80:20:42:69:76:61:63:63:6f
   MainThread:01:32:23.119 bleak_wrapper.py                          101 DEBUG    | Writing to Camera Management: b5f90091aa8d11e390460002a5d5c51b
      Dummy-2:01:32:23.164 PeripheralDelegate.py                     467 DEBUG    | peripheral_didWriteValueForCharacteristic_error_
   MainThread:01:32:23.165 PeripheralDelegate.py                     458 DEBUG    | Write Characteristic Value
   MainThread:01:32:23.165 client.py                                 335 DEBUG    | Write Characteristic b5f90091-aa8d-11e3-9046-0002a5d5c51b : b'\x80 Bivacco'
      Dummy-2:01:32:23.187 PeripheralDelegate.py                     397 DEBUG    | peripheral_didUpdateValueForCharacteristic_error_
   MainThread:01:32:23.188 gopro_wireless.py                         676 DEBUG    | Received response on BleUUID [Camera Management Response]: 08:02:84:08:01:10:02:18:14
   MainThread:01:32:23.189 gopro_wireless.py                         651 INFO     | 
-------------->>>>>>>>
    "id" : "ActionId.REQUEST_WIFI_CONNECT_RSP",
    "status" : "ErrorCode.SUCCESS",
    "protocol" : "Protocol.BLE",
    "data" : {
        "result" : "EnumResultGeneric.RESULT_SUCCESS",
        "provisioning_state" : "EnumProvisioning.PROVISIONING_STARTED",
        "timeout_seconds" : "20",
    },
-------------->>>>>>>>

      Dummy-2:01:32:23.545 PeripheralDelegate.py                     397 DEBUG    | peripheral_didUpdateValueForCharacteristic_error_
   MainThread:01:32:23.546 gopro_wireless.py                         676 DEBUG    | Received response on BleUUID [Query Response]: 08:93:00:08:01:00:0a:01:00
   MainThread:01:32:23.547 gopro_wireless.py                         657 INFO     | 
----ASYNC----->>>>>>>>
    "id" : "QueryCmdId.STATUS_VAL_PUSH",
    "status" : "ErrorCode.SUCCESS",
    "protocol" : "Protocol.BLE",
    "data" : {
        "StatusId.SYSTEM_BUSY" : "False",
        "StatusId.ENCODING" : "False",
    },
----ASYNC----->>>>>>>>

      Dummy-2:01:32:24.625 PeripheralDelegate.py                     397 DEBUG    | peripheral_didUpdateValueForCharacteristic_error_
   MainThread:01:32:24.625 gopro_wireless.py                         676 DEBUG    | Received response on BleUUID [Camera Management Response]: 04:02:0c:08:05
   MainThread:01:32:24.626 gopro_wireless.py                         657 INFO     | 
----ASYNC----->>>>>>>>
    "id" : "ActionId.NOTIF_PROVIS_STATE",
    "status" : "ErrorCode.UNKNOWN",
    "protocol" : "Protocol.BLE",
    "data" : {
        "provisioning_state" : "EnumProvisioning.PROVISIONING_SUCCESS_NEW_AP",
    },
----ASYNC----->>>>>>>>

   MainThread:01:32:24.629 gopro_wireless.py                         522 INFO     | Successfully connected to The Matterhorn Bivacco
   MainThread:01:32:24.630 gopro_wireless.py                         718 INFO     | 
<<<<<<<<--------------
    "id" : "ActionId.SET_LIVESTREAM_MODE",
    "feature_id" : "FeatureId.COMMAND",
    "protocol" : "Protocol.BLE",
    "uuid" : "Command",
    "url" : "rtmp://192.168.68.106/live/gopro1",
    "encode" : "True",
    "minimum_bitrate" : "1000",
    "maximum_bitrate" : "5500",
    "starting_bitrate" : "5000",
<<<<<<<<--------------

   MainThread:01:32:24.635 gopro_wireless.py                         722 DEBUG    | Writing to [Command] UUID: 20:30:f1:79:0a:21:72:74:6d:70:3a:2f:2f:31:39:32:2e:31:36:38
   MainThread:01:32:24.635 bleak_wrapper.py                          101 DEBUG    | Writing to Command: b5f90072aa8d11e390460002a5d5c51b
      Dummy-2:01:32:24.670 PeripheralDelegate.py                     467 DEBUG    | peripheral_didWriteValueForCharacteristic_error_
   MainThread:01:32:24.671 PeripheralDelegate.py                     458 DEBUG    | Write Characteristic Value
   MainThread:01:32:24.671 client.py                                 335 DEBUG    | Write Characteristic b5f90072-aa8d-11e3-9046-0002a5d5c51b : b' 0\xf1y\n!rtmp://192.168'
   MainThread:01:32:24.672 gopro_wireless.py                         722 DEBUG    | Writing to [Command] UUID: 80:2e:36:38:2e:31:30:36:2f:6c:69:76:65:2f:67:6f:70:72:6f:31
   MainThread:01:32:24.672 bleak_wrapper.py                          101 DEBUG    | Writing to Command: b5f90072aa8d11e390460002a5d5c51b
      Dummy-2:01:32:24.716 PeripheralDelegate.py                     467 DEBUG    | peripheral_didWriteValueForCharacteristic_error_
   MainThread:01:32:24.716 PeripheralDelegate.py                     458 DEBUG    | Write Characteristic Value
   MainThread:01:32:24.716 client.py                                 335 DEBUG    | Write Characteristic b5f90072-aa8d-11e3-9046-0002a5d5c51b : b'\x80.68.106/live/gopro1'
   MainThread:01:32:24.716 gopro_wireless.py                         722 DEBUG    | Writing to [Command] UUID: 80:10:01:38:e8:07:40:fc:2a:48:88:27
   MainThread:01:32:24.716 bleak_wrapper.py                          101 DEBUG    | Writing to Command: b5f90072aa8d11e390460002a5d5c51b
      Dummy-2:01:32:24.760 PeripheralDelegate.py                     467 DEBUG    | peripheral_didWriteValueForCharacteristic_error_
   MainThread:01:32:24.760 PeripheralDelegate.py                     458 DEBUG    | Write Characteristic Value
   MainThread:01:32:24.761 client.py                                 335 DEBUG    | Write Characteristic b5f90072-aa8d-11e3-9046-0002a5d5c51b : b"\x80\x10\x018\xe8\x07@\xfc*H\x88'"
      Dummy-2:01:32:25.164 PeripheralDelegate.py                     397 DEBUG    | peripheral_didUpdateValueForCharacteristic_error_
      Dummy-1:01:32:25.165 PeripheralDelegate.py                     397 DEBUG    | peripheral_didUpdateValueForCharacteristic_error_
   MainThread:01:32:25.166 gopro_wireless.py                         676 DEBUG    | Received response on BleUUID [Command Response]: 04:f1:f9:08:01
      Dummy-1:01:32:25.166 PeripheralDelegate.py                     397 DEBUG    | peripheral_didUpdateValueForCharacteristic_error_
   MainThread:01:32:25.167 gopro_wireless.py                         651 INFO     | 
-------------->>>>>>>>
    "id" : "ActionId.SET_LIVESTREAM_MODE_RSP",
    "status" : "ErrorCode.SUCCESS",
    "protocol" : "Protocol.BLE",
    "data" : {
        "result" : "EnumResultGeneric.RESULT_SUCCESS",
    },
-------------->>>>>>>>

   MainThread:01:32:25.171 gopro_wireless.py                         676 DEBUG    | Received response on BleUUID [Query Response]: 0d:f5:ff:28:07:30:01:38:03:40:00:80:01:01
   MainThread:01:32:25.171 gopro_wireless.py                         657 INFO     | 
----ASYNC----->>>>>>>>
    "id" : "ActionId.INTERNAL_FF",
    "status" : "ErrorCode.UNKNOWN",
    "protocol" : "Protocol.BLE",
    "data" : {
        "_io" : "<_io.BytesIO object at 0x107822bb0>",
        "unparsed" : "b'(\x070\x018\x03@\x00\x80\x01\x01'",
    },
----ASYNC----->>>>>>>>

   MainThread:01:32:25.174 gopro_wireless.py                         676 DEBUG    | Received response on BleUUID [Query Response]: 0d:f5:ff:28:09:30:01:38:03:40:00:80:01:01
   MainThread:01:32:25.175 gopro_wireless.py                         657 INFO     | 
----ASYNC----->>>>>>>>
    "id" : "ActionId.INTERNAL_FF",
    "status" : "ErrorCode.UNKNOWN",
    "protocol" : "Protocol.BLE",
    "data" : {
        "_io" : "<_io.BytesIO object at 0x107821080>",
        "unparsed" : "b'(\t0\x018\x03@\x00\x80\x01\x01'",
    },
----ASYNC----->>>>>>>>

      Dummy-1:01:32:25.188 PeripheralDelegate.py                     397 DEBUG    | peripheral_didUpdateValueForCharacteristic_error_
   MainThread:01:32:25.189 gopro_wireless.py                         676 DEBUG    | Received response on BleUUID [Query Response]: 0d:f5:ff:28:18:30:01:38:03:40:00:80:01:01
   MainThread:01:32:25.190 gopro_wireless.py                         657 INFO     | 
----ASYNC----->>>>>>>>
    "id" : "ActionId.INTERNAL_FF",
    "status" : "ErrorCode.UNKNOWN",
    "protocol" : "Protocol.BLE",
    "data" : {
        "_io" : "<_io.BytesIO object at 0x107820400>",
        "unparsed" : "b'(\x180\x018\x03@\x00\x80\x01\x01'",
    },
----ASYNC----->>>>>>>>

      Dummy-2:01:32:25.504 PeripheralDelegate.py                     397 DEBUG    | peripheral_didUpdateValueForCharacteristic_error_
      Dummy-2:01:32:25.506 PeripheralDelegate.py                     397 DEBUG    | peripheral_didUpdateValueForCharacteristic_error_
   MainThread:01:32:25.506 gopro_wireless.py                         676 DEBUG    | Received response on BleUUID [Query Response]: 0a:f5:f5:08:01:10:00:18:01:20:00
   MainThread:01:32:25.508 gopro_wireless.py                         657 INFO     | 
----ASYNC----->>>>>>>>
    "id" : "ActionId.LIVESTREAM_STATUS_NOTIF",
    "status" : "ErrorCode.UNKNOWN",
    "protocol" : "Protocol.BLE",
    "data" : {
        "live_stream_status" : "EnumLiveStreamStatus.LIVE_STREAM_STATE_CONFIG",
        "live_stream_error" : "EnumLiveStreamError.LIVE_STREAM_ERROR_NONE",
        "live_stream_encode" : "True",
        "live_stream_bitrate" : "0",
        "live_stream_window_size_supported_array" : "None",
        "live_stream_encode_supported" : "None",
        "live_stream_max_lens_unsupported" : "None",
        "live_stream_minimum_stream_bitrate" : "None",
        "live_stream_maximum_stream_bitrate" : "None",
        "live_stream_lens_supported" : "None",
        "live_stream_lens_supported_array" : "None",
        "live_stream_protune_supported" : "None",
    },
----ASYNC----->>>>>>>>

      Dummy-2:01:32:25.508 PeripheralDelegate.py                     397 DEBUG    | peripheral_didUpdateValueForCharacteristic_error_
   MainThread:01:32:25.512 gopro_wireless.py                         676 DEBUG    | Received response on BleUUID [Query Response]: 0d:f5:ff:28:15:30:01:38:03:40:00:80:01:01
   MainThread:01:32:25.512 gopro_wireless.py                         657 INFO     | 
----ASYNC----->>>>>>>>
    "id" : "ActionId.INTERNAL_FF",
    "status" : "ErrorCode.UNKNOWN",
    "protocol" : "Protocol.BLE",
    "data" : {
        "_io" : "<_io.BytesIO object at 0x107822ac0>",
        "unparsed" : "b'(\x150\x018\x03@\x00\x80\x01\x01'",
    },
----ASYNC----->>>>>>>>

   MainThread:01:32:25.513 gopro_wireless.py                         676 DEBUG    | Received response on BleUUID [Query Response]: 0a:f5:f5:08:02:10:00:18:01:20:00
   MainThread:01:32:25.514 gopro_wireless.py                         657 INFO     | 
----ASYNC----->>>>>>>>
    "id" : "ActionId.LIVESTREAM_STATUS_NOTIF",
    "status" : "ErrorCode.UNKNOWN",
    "protocol" : "Protocol.BLE",
    "data" : {
        "live_stream_status" : "EnumLiveStreamStatus.LIVE_STREAM_STATE_READY",
        "live_stream_error" : "EnumLiveStreamError.LIVE_STREAM_ERROR_NONE",
        "live_stream_encode" : "True",
        "live_stream_bitrate" : "0",
        "live_stream_window_size_supported_array" : "None",
        "live_stream_encode_supported" : "None",
        "live_stream_max_lens_unsupported" : "None",
        "live_stream_minimum_stream_bitrate" : "None",
        "live_stream_maximum_stream_bitrate" : "None",
        "live_stream_lens_supported" : "None",
        "live_stream_lens_supported_array" : "None",
        "live_stream_protune_supported" : "None",
    },
----ASYNC----->>>>>>>>

   MainThread:01:32:25.515 gopro_wireless.py                         718 INFO     | 
<<<<<<<<--------------
    "id" : "CmdId.SET_SHUTTER",
    "protocol" : "Protocol.BLE",
    "uuid" : "Command",
    "shutter" : "Toggle.ENABLE",
<<<<<<<<--------------

   MainThread:01:32:25.516 gopro_wireless.py                         722 DEBUG    | Writing to [Command] UUID: 20:03:01:01:01
   MainThread:01:32:25.516 bleak_wrapper.py                          101 DEBUG    | Writing to Command: b5f90072aa8d11e390460002a5d5c51b
      Dummy-2:01:32:25.550 PeripheralDelegate.py                     467 DEBUG    | peripheral_didWriteValueForCharacteristic_error_
   MainThread:01:32:25.550 PeripheralDelegate.py                     458 DEBUG    | Write Characteristic Value
   MainThread:01:32:25.551 client.py                                 335 DEBUG    | Write Characteristic b5f90072-aa8d-11e3-9046-0002a5d5c51b : b' \x03\x01\x01\x01'
      Dummy-2:01:32:26.112 PeripheralDelegate.py                     397 DEBUG    | peripheral_didUpdateValueForCharacteristic_error_
   MainThread:01:32:26.112 gopro_wireless.py                         676 DEBUG    | Received response on BleUUID [Command Response]: 02:01:00
   MainThread:01:32:26.113 gopro_wireless.py                         651 INFO     | 
-------------->>>>>>>>
    "id" : "CmdId.SET_SHUTTER",
    "status" : "ErrorCode.SUCCESS",
    "protocol" : "Protocol.BLE",
-------------->>>>>>>>

      Dummy-2:01:32:26.134 PeripheralDelegate.py                     397 DEBUG    | peripheral_didUpdateValueForCharacteristic_error_
   MainThread:01:32:26.136 gopro_wireless.py                         676 DEBUG    | Received response on BleUUID [Query Response]: 08:93:00:08:01:01:0a:01:01
   MainThread:01:32:26.136 gopro_wireless.py                         657 INFO     | 
----ASYNC----->>>>>>>>
    "id" : "QueryCmdId.STATUS_VAL_PUSH",
    "status" : "ErrorCode.SUCCESS",
    "protocol" : "Protocol.BLE",
    "data" : {
        "StatusId.SYSTEM_BUSY" : "True",
        "StatusId.ENCODING" : "True",
    },
----ASYNC----->>>>>>>>

      Dummy-1:01:32:26.201 PeripheralDelegate.py                     397 DEBUG    | peripheral_didUpdateValueForCharacteristic_error_
      Dummy-1:01:32:26.201 PeripheralDelegate.py                     397 DEBUG    | peripheral_didUpdateValueForCharacteristic_error_
   MainThread:01:32:26.202 gopro_wireless.py                         676 DEBUG    | Received response on BleUUID [Query Response]: 0d:f5:ff:28:16:30:01:38:03:40:00:80:01:01
      Dummy-1:01:32:26.202 PeripheralDelegate.py                     397 DEBUG    | peripheral_didUpdateValueForCharacteristic_error_
   MainThread:01:32:26.202 gopro_wireless.py                         657 INFO     | 
----ASYNC----->>>>>>>>
    "id" : "ActionId.INTERNAL_FF",
    "status" : "ErrorCode.UNKNOWN",
    "protocol" : "Protocol.BLE",
    "data" : {
        "_io" : "<_io.BytesIO object at 0x1078217b0>",
        "unparsed" : "b'(\x160\x018\x03@\x00\x80\x01\x01'",
    },
----ASYNC----->>>>>>>>

   MainThread:01:32:26.205 gopro_wireless.py                         676 DEBUG    | Received response on BleUUID [Query Response]: 0a:f5:f5:08:03:10:00:18:01:20:00
   MainThread:01:32:26.206 gopro_wireless.py                         657 INFO     | 
----ASYNC----->>>>>>>>
    "id" : "ActionId.LIVESTREAM_STATUS_NOTIF",
    "status" : "ErrorCode.UNKNOWN",
    "protocol" : "Protocol.BLE",
    "data" : {
        "live_stream_status" : "EnumLiveStreamStatus.LIVE_STREAM_STATE_STREAMING",
        "live_stream_error" : "EnumLiveStreamError.LIVE_STREAM_ERROR_NONE",
        "live_stream_encode" : "True",
        "live_stream_bitrate" : "0",
        "live_stream_window_size_supported_array" : "None",
        "live_stream_encode_supported" : "None",
        "live_stream_max_lens_unsupported" : "None",
        "live_stream_minimum_stream_bitrate" : "None",
        "live_stream_maximum_stream_bitrate" : "None",
        "live_stream_lens_supported" : "None",
        "live_stream_lens_supported_array" : "None",
        "live_stream_protune_supported" : "None",
    },
----ASYNC----->>>>>>>>

   MainThread:01:32:26.210 gopro_wireless.py                         676 DEBUG    | Received response on BleUUID [Query Response]: 0d:f5:ff:28:17:30:01:38:03:40:00:80:01:01
   MainThread:01:32:26.210 gopro_wireless.py                         657 INFO     | 
----ASYNC----->>>>>>>>
    "id" : "ActionId.INTERNAL_FF",
    "status" : "ErrorCode.UNKNOWN",
    "protocol" : "Protocol.BLE",
    "data" : {
        "_io" : "<_io.BytesIO object at 0x107820e50>",
        "unparsed" : "b'(\x170\x018\x03@\x00\x80\x01\x01'",
    },
----ASYNC----->>>>>>>>

      Dummy-1:01:32:27.596 PeripheralDelegate.py                     397 DEBUG    | peripheral_didUpdateValueForCharacteristic_error_
   MainThread:01:32:27.597 gopro_wireless.py                         676 DEBUG    | Received response on BleUUID [Query Response]: 0b:f5:f5:08:03:10:00:18:01:20:88:27
   MainThread:01:32:27.599 gopro_wireless.py                         657 INFO     | 
----ASYNC----->>>>>>>>
    "id" : "ActionId.LIVESTREAM_STATUS_NOTIF",
    "status" : "ErrorCode.UNKNOWN",
    "protocol" : "Protocol.BLE",
    "data" : {
        "live_stream_status" : "EnumLiveStreamStatus.LIVE_STREAM_STATE_STREAMING",
        "live_stream_error" : "EnumLiveStreamError.LIVE_STREAM_ERROR_NONE",
        "live_stream_encode" : "True",
        "live_stream_bitrate" : "5000",
        "live_stream_window_size_supported_array" : "None",
        "live_stream_encode_supported" : "None",
        "live_stream_max_lens_unsupported" : "None",
        "live_stream_minimum_stream_bitrate" : "None",
        "live_stream_maximum_stream_bitrate" : "None",
        "live_stream_lens_supported" : "None",
        "live_stream_lens_supported_array" : "None",
        "live_stream_protune_supported" : "None",
    },
----ASYNC----->>>>>>>>

      Dummy-1:01:32:31.085 PeripheralDelegate.py                     397 DEBUG    | peripheral_didUpdateValueForCharacteristic_error_
   MainThread:01:32:31.087 gopro_wireless.py                         676 DEBUG    | Received response on BleUUID [Query Response]: 0b:f5:f5:08:03:10:00:18:01:20:c4:13
   MainThread:01:32:31.089 gopro_wireless.py                         657 INFO     | 
----ASYNC----->>>>>>>>
    "id" : "ActionId.LIVESTREAM_STATUS_NOTIF",
    "status" : "ErrorCode.UNKNOWN",
    "protocol" : "Protocol.BLE",
    "data" : {
        "live_stream_status" : "EnumLiveStreamStatus.LIVE_STREAM_STATE_STREAMING",
        "live_stream_error" : "EnumLiveStreamError.LIVE_STREAM_ERROR_NONE",
        "live_stream_encode" : "True",
        "live_stream_bitrate" : "2500",
        "live_stream_window_size_supported_array" : "None",
        "live_stream_encode_supported" : "None",
        "live_stream_max_lens_unsupported" : "None",
        "live_stream_minimum_stream_bitrate" : "None",
        "live_stream_maximum_stream_bitrate" : "None",
        "live_stream_lens_supported" : "None",
        "live_stream_lens_supported_array" : "None",
        "live_stream_protune_supported" : "None",
    },
----ASYNC----->>>>>>>>

      Dummy-1:01:32:31.152 PeripheralDelegate.py                     397 DEBUG    | peripheral_didUpdateValueForCharacteristic_error_
   MainThread:01:32:31.153 gopro_wireless.py                         676 DEBUG    | Received response on BleUUID [Query Response]: 0b:f5:f5:08:03:10:00:18:01:20:fc:2a
   MainThread:01:32:31.153 gopro_wireless.py                         657 INFO     | 
----ASYNC----->>>>>>>>
    "id" : "ActionId.LIVESTREAM_STATUS_NOTIF",
    "status" : "ErrorCode.UNKNOWN",
    "protocol" : "Protocol.BLE",
    "data" : {
        "live_stream_status" : "EnumLiveStreamStatus.LIVE_STREAM_STATE_STREAMING",
        "live_stream_error" : "EnumLiveStreamError.LIVE_STREAM_ERROR_NONE",
        "live_stream_encode" : "True",
        "live_stream_bitrate" : "5500",
        "live_stream_window_size_supported_array" : "None",
        "live_stream_encode_supported" : "None",
        "live_stream_max_lens_unsupported" : "None",
        "live_stream_minimum_stream_bitrate" : "None",
        "live_stream_maximum_stream_bitrate" : "None",
        "live_stream_lens_supported" : "None",
        "live_stream_lens_supported_array" : "None",
        "live_stream_protune_supported" : "None",
    },
----ASYNC----->>>>>>>>

   MainThread:01:32:36.144 client.py                                 131 INFO     | Terminating the BLE connection
   MainThread:01:32:36.150 bleak_wrapper.py                          414 INFO     | Disconnecting...
      Dummy-1:01:32:36.153 CentralManagerDelegate.py                 365 DEBUG    | centralManager_didDisconnectPeripheral_error_
   MainThread:01:32:36.153 CentralManagerDelegate.py                 345 DEBUG    | Peripheral Device disconnected!
   MainThread:01:32:36.154 bleak_wrapper.py                          417 INFO     | Device disconnected!
   MainThread:01:32:36.155 gosynapse_v3.py                            66 ERROR    | An error occurred: 'BleCommands' object has no attribute 'get_livestream_status'. Restarting livestream...
